Arguments: 
  /usr/bin/node /usr/share/yarn/bin/yarn.js add @babel/core @babel/cli @babel/present-env @babel/node -D

PATH: 
  /usr/local/sbin:/usr/local/bin:/usr/sbin:/usr/bin:/sbin:/bin:/usr/games:/usr/local/games:/snap/bin:/snap/bin

Yarn version: 
  1.22.19

Node version: 
  18.15.0

Platform: 
  linux x64

Trace: 
  Error: https://registry.yarnpkg.com/@babel%2fpresent-env: Not found
      at params.callback [as _callback] (/usr/share/yarn/lib/cli.js:66145:18)
      at self.callback (/usr/share/yarn/lib/cli.js:140890:22)
      at Request.emit (node:events:513:28)
      at Request.<anonymous> (/usr/share/yarn/lib/cli.js:141862:10)
      at Request.emit (node:events:513:28)
      at IncomingMessage.<anonymous> (/usr/share/yarn/lib/cli.js:141784:12)
      at Object.onceWrapper (node:events:627:28)
      at IncomingMessage.emit (node:events:525:35)
      at endReadableNT (node:internal/streams/readable:1359:12)
      at process.processTicksAndRejections (node:internal/process/task_queues:82:21)

npm manifest: 
  {
    "name": "Api-GraphQl",
    "version": "1.0.0",
    "main": "index.js",
    "license": "MIT"
  }

yarn manifest: 
  No manifest

Lockfile: 
  No lockfile
